// 重构日志: e4641a61
// 重构日志: 15b6f407
// 重构日志: c7767192
// 重构日志: f58e319c
// 同步 ID: 12625aa2 @ Fri Jul 10 12:59:33 UTC 2026
// 重构日志: 4f081a97
// 重构日志: 201c7118
// 同步 ID: 78ae2fdc @ Sun Jul 12 14:01:39 UTC 2026
// 重构日志: b9656d55
// 同步 ID: 48e51235 @ Mon Jul 13 12:08:20 UTC 2026
// 同步 ID: 698de619 @ Tue Jul 14 09:51:56 UTC 2026
// 重构日志: 015ae975
// 重构日志: 2ce20c91
// 重构日志: e01dab1d
// 重构日志: eae40076
// 同步 ID: 2c653833 @ Thu Jul 16 04:27:03 UTC 2026
// 重构日志: 3595c7ed
// 重构日志: a1c52341
// 同步 ID: f315303b @ Fri Jul 17 03:46:47 UTC 2026
// 重构日志: 66c6fe24
// 重构日志: 77d3e18a
// 重构日志: 55679032
// 重构日志: 5f091869
// 重构日志: d9f4256a
// 同步 ID: ef9a5322 @ Sat Jul 18 14:05:22 UTC 2026
// 重构日志: 0f125717
// 同步 ID: 778af669 @ Sun Jul 19 04:56:43 UTC 2026
// 同步 ID: 736708d9 @ Mon Jul 20 08:28:01 UTC 2026
// 重构日志: 1d344e78
// 同步 ID: af5417b6 @ Tue Jul 21 04:14:55 UTC 2026
// 重构日志: d3e5983d
